N:  231689070348551943364607372015442001099

Prime factors are p=15357312123475845169 and q=16871447094818545319

Generated String: btzwMg4QrZlIBJBXawyX

[30093148066394328546639234294597266505 17743683320934860297308579533735961141 77862840730040376608292531872031074816 133552609688766461274633794440585808030 111781909573192532417083761769586526297 152898985425773351103331738863266403617 152500112692485336619104965015625256607 114142199463469843093571956070596429607]
[122575129464861010203099534154802051812 28453625312277630388047465212385130909 49454022914232616136399107884997541267 141534577415813618647195270201172000557 104827970775203084944915918401714492770 114086293530172700851176728089451351982 33468498691459993423336574364910321025 24019455456998202455039225293995942724]
[71500065441947670246590406664545287826 205278857196964213766073379323977667006 75026599792998397224962616378663261666 93111432806099113169217572667882996030 76542895618972927415974878234657453623 74835031610026903064708861882837760291 61859783889550860557575414034463581984 66049810344961477663065150525852831869]
[3794276103402111578785120838861282860 111792168242835384734135576576788240525 46308933756631523641810640472447046047 16859962291128794715323273864039741849 103481548596033943471228566443563898548 77868159039494530854582513662106031376 130718339909184873254138652213661916345 6972118520515348340673956747408715003]
[115336663175848714713249924886926213248 97196917617627482259746747585610589261 125622263152819923069151626861725313855 85551734940854814136175253023414619116 112316288138263549984394216368786114971 59046242997261748617544803949908319057 223106529230223245679210924900547894635 11272523864442601032652756538913753581]
[123719402693343189346453921699648692204 202473285396172696317687950241583346014 101974650073481602399958288464030002859 50917743265176969576374215969252281092 219526670881861914448646664803594588695 202310624689970811539499665400430148094 95633048674908194050315064571870138004 109555182134617292249726381521452829817]
[125012220778291446216116872124993469117 225613509397144256087894128706051743054 61329831088577563813789928127100891682 195517184347407656242742894717843482939 46133321064445531492955889692857092294 166864531641194904989255691626852833000 222640036374171903876329946618652032258 56566386817588898598082018618478034938]
[182924079732053399951278950128075730521 122311996740541616831037790663432741745 11939219764818929531829205729508133458 123043603546300038329282406185470345945 29984799217949738145895455674514951953 113545371020848121828786472944663185314 117944159595727041498755472503196787405 145013242036335573621114585588649506579]
[75994286871625891990155455377353038449 117877716114223674759967255914234227881 94517878813363664780368059343344441183 200869240957877558112044301355021694493 117962840548483844437925029074814783215 61342004653488193678369736376280619357 200660786748337107683356527530556644211 199199144957869400753622246745000240926]
[18036140376967950612717355787370898763 197630782900273409937598975845418516657 230673311498803765347798827533805830684 64437156712965561928878246019130128256 225442029776319204481282822305465832605 9324649034439473739234278115195695291 113556688547440564768310718096448526283 124277478046136409482460430821307341363]
[40719155589693023178705572450630467250 25403339029025199496504394723267991446 172125208019653437312525591599167328121 88592818232355024557915590386583388725 148083374800166067568731754135290310569 149778516091167772767810418475726363832 67023201752052888661439584426578879345 206706963318471653408037801189681359507]
[32309262322591001559890041882125937127 20616168054361659771869484529531428444 64699124779405789492816173617911923885 53841582787218338249631105071426818 163724471174327447352183679353075194490 90445245973890352026501577179500946713 11822193574719076064212942491797403393 81714649705719100061796486619707974360]
[33874167481934954488111105266714028627 186467015791768714343552296948689401545 230092505373622141126437807273579633329 188716381897637080364578726469047487566 160378991866040796967625790477674815406 73992877272648477690639294975499554136 105372345714693920601101240942738510669 11871987098642204237647329715584360057]
[32704753979683225350204434289097639569 162071618925784610853948068267840416989 140691902601772329377232989882207838160 13862192733637190588358052635268173978 221955297065705571145463977713813795854 83223236252292488107752711693349987361 156009964136061392966913673625250540725 178291753382943253339973686815382063441]
[1156250312484631032817827235785740829 62152228497756359667357739682516816858 1124688775612565831127641077952593906 143539806051032361268791862534482004261 38032151593491224036687221532112201782 102376337240924455206224141703689532579 204625887494825559829472584533955824562 41492981961802751709570070574625215925]
[178542979295666420366144474419733280576 166818813498546308777264949670708207373 115689804807994859779603399182454477424 225223887230917958081497899988006580891 8010019039046952021607420686089188852 123014773307317289818870064588134703154 175228705139005519861588433460611000927 230050107006415346039500536650308799800]
[127226847276493727178245381026637813972 225472629552130384879490744611444503964 39602410003073134687570626567529976458 24667158794705954084247925995822137888 70340267853910135445210454597690883701 175006567607005765599401564549047759695 133876133599677963456963113940626686169 93770978445786217520477904499343169123]
[196921879971725572466945967835819157571 220769020034931730073305841811036352284 160778909945975877041328633373439163466 144954121095655433215738686293580811376 24983882679945946134661068354957500277 189342166432626751916450183748703233738 89460759448458379052974793061273995232 66282184312333128784134608254147170313]
[50058330053624191831449857878456840012 6871636844924243447881892993536754681 174673015827469632478558685866549303443 224113882260077031574970334563857047404 197344906855921913142171222157392811401 7472804622419322229008704315770506705 45788547120419087770321564187768489792 8007689680628244625032240767889436686]
[24327769603434446784750296146919651371 151900682201397014053369613018533726551 44835460741049311968250667984146329031 208204513620293877342321459348044180005 125858289286116578000431781984113501884 124540479701457821543988528187252852775 223938804450425740877697663581233072685 115878818521817915969457808528405218150]

Decoded string: btzwMg4QrZlIBJBXawyX

b'flag{Rajneesh_Pandey}\n'

Process finished with exit code 0